<?xml version="1.0" encoding="UTF-8"?>
<testsuite xmlns:xsi="http://www.w3.org/2001/XMLSchema-instance" xsi:noNamespaceSchemaLocation="https://maven.apache.org/surefire/maven-surefire-plugin/xsd/surefire-test-report.xsd" name="com.hologramsciences.SQLRestaurantServiceTest" time="0.533" tests="4" errors="0" skipped="0" failures="0">
  <properties>
    <property name="gopherProxySet" value="false"/>
    <property name="awt.toolkit" value="sun.lwawt.macosx.LWCToolkit"/>
    <property name="java.specification.version" value="11"/>
    <property name="sun.cpu.isalist" value=""/>
    <property name="sun.jnu.encoding" value="UTF-8"/>
    <property name="java.class.path" value="/Users/Toyin/hologram-coding-project/target/test-classes:/Users/Toyin/hologram-coding-project/target/classes:/Users/Toyin/.m2/repository/org/apache/commons/commons-csv/1.7/commons-csv-1.7.jar:/Users/Toyin/.m2/repository/io/atlassian/fugue/fugue/4.5.1/fugue-4.5.1.jar:/Users/Toyin/.m2/repository/com/h2database/h2/2.1.210/h2-2.1.210.jar:/Users/Toyin/.m2/repository/org/jooq/jooq/3.13.0/jooq-3.13.0.jar:/Users/Toyin/.m2/repository/org/reactivestreams/reactive-streams/1.0.2/reactive-streams-1.0.2.jar:/Users/Toyin/.m2/repository/javax/xml/bind/jaxb-api/2.3.1/jaxb-api-2.3.1.jar:/Users/Toyin/.m2/repository/javax/activation/javax.activation-api/1.2.0/javax.activation-api-1.2.0.jar:/Users/Toyin/.m2/repository/org/jooq/jooq-codegen/3.13.0/jooq-codegen-3.13.0.jar:/Users/Toyin/.m2/repository/org/jooq/jooq-meta/3.13.0/jooq-meta-3.13.0.jar:/Users/Toyin/.m2/repository/org/apache/commons/commons-lang3/3.9/commons-lang3-3.9.jar:/Users/Toyin/.m2/repository/junit/junit/4.13.1/junit-4.13.1.jar:/Users/Toyin/.m2/repository/org/hamcrest/hamcrest-core/1.3/hamcrest-core-1.3.jar:"/>
    <property name="java.vm.vendor" value="Oracle Corporation"/>
    <property name="sun.arch.data.model" value="64"/>
    <property name="java.vendor.url" value="https://openjdk.java.net/"/>
    <property name="user.timezone" value=""/>
    <property name="java.vm.specification.version" value="11"/>
    <property name="os.name" value="Mac OS X"/>
    <property name="sun.java.launcher" value="SUN_STANDARD"/>
    <property name="user.country" value="NG"/>
    <property name="sun.boot.library.path" value="/Library/Java/JavaVirtualMachines/jdk-11.0.11.jdk/Contents/Home/lib"/>
    <property name="sun.java.command" value="/Users/Toyin/hologram-coding-project/target/surefire/surefirebooter481924830909017453.jar /Users/Toyin/hologram-coding-project/target/surefire 2022-02-13T05-22-03_234-jvmRun1 surefire8183180374002880268tmp surefire_017423517731255717764tmp"/>
    <property name="http.nonProxyHosts" value="local|*.local|169.254/16|*.169.254/16"/>
    <property name="jdk.debug" value="release"/>
    <property name="surefire.test.class.path" value="/Users/Toyin/hologram-coding-project/target/test-classes:/Users/Toyin/hologram-coding-project/target/classes:/Users/Toyin/.m2/repository/org/apache/commons/commons-csv/1.7/commons-csv-1.7.jar:/Users/Toyin/.m2/repository/io/atlassian/fugue/fugue/4.5.1/fugue-4.5.1.jar:/Users/Toyin/.m2/repository/com/h2database/h2/2.1.210/h2-2.1.210.jar:/Users/Toyin/.m2/repository/org/jooq/jooq/3.13.0/jooq-3.13.0.jar:/Users/Toyin/.m2/repository/org/reactivestreams/reactive-streams/1.0.2/reactive-streams-1.0.2.jar:/Users/Toyin/.m2/repository/javax/xml/bind/jaxb-api/2.3.1/jaxb-api-2.3.1.jar:/Users/Toyin/.m2/repository/javax/activation/javax.activation-api/1.2.0/javax.activation-api-1.2.0.jar:/Users/Toyin/.m2/repository/org/jooq/jooq-codegen/3.13.0/jooq-codegen-3.13.0.jar:/Users/Toyin/.m2/repository/org/jooq/jooq-meta/3.13.0/jooq-meta-3.13.0.jar:/Users/Toyin/.m2/repository/org/apache/commons/commons-lang3/3.9/commons-lang3-3.9.jar:/Users/Toyin/.m2/repository/junit/junit/4.13.1/junit-4.13.1.jar:/Users/Toyin/.m2/repository/org/hamcrest/hamcrest-core/1.3/hamcrest-core-1.3.jar:"/>
    <property name="sun.cpu.endian" value="little"/>
    <property name="user.home" value="/Users/Toyin"/>
    <property name="user.language" value="en"/>
    <property name="java.specification.vendor" value="Oracle Corporation"/>
    <property name="java.version.date" value="2021-04-20"/>
    <property name="java.home" value="/Library/Java/JavaVirtualMachines/jdk-11.0.11.jdk/Contents/Home"/>
    <property name="file.separator" value="/"/>
    <property name="basedir" value="/Users/Toyin/hologram-coding-project"/>
    <property name="java.vm.compressedOopsMode" value="Zero based"/>
    <property name="line.separator" value="&#10;"/>
    <property name="java.specification.name" value="Java Platform API Specification"/>
    <property name="java.vm.specification.vendor" value="Oracle Corporation"/>
    <property name="java.awt.graphicsenv" value="sun.awt.CGraphicsEnvironment"/>
    <property name="surefire.real.class.path" value="/Users/Toyin/hologram-coding-project/target/surefire/surefirebooter481924830909017453.jar"/>
    <property name="sun.management.compiler" value="HotSpot 64-Bit Tiered Compilers"/>
    <property name="ftp.nonProxyHosts" value="local|*.local|169.254/16|*.169.254/16"/>
    <property name="java.runtime.version" value="11.0.11+9-LTS-194"/>
    <property name="user.name" value="Toyin"/>
    <property name="path.separator" value=":"/>
    <property name="os.version" value="10.16"/>
    <property name="java.runtime.name" value="Java(TM) SE Runtime Environment"/>
    <property name="file.encoding" value="US-ASCII"/>
    <property name="java.vm.name" value="Java HotSpot(TM) 64-Bit Server VM"/>
    <property name="java.vendor.version" value="18.9"/>
    <property name="localRepository" value="/Users/Toyin/.m2/repository"/>
    <property name="java.vendor.url.bug" value="https://bugreport.java.com/bugreport/"/>
    <property name="java.io.tmpdir" value="/var/folders/l1/rljzlktn18l2916r6tptf1500000gn/T/"/>
    <property name="java.version" value="11.0.11"/>
    <property name="user.dir" value="/Users/Toyin/hologram-coding-project"/>
    <property name="os.arch" value="x86_64"/>
    <property name="java.vm.specification.name" value="Java Virtual Machine Specification"/>
    <property name="java.awt.printerjob" value="sun.lwawt.macosx.CPrinterJob"/>
    <property name="sun.os.patch.level" value="unknown"/>
    <property name="java.library.path" value="/Users/Toyin/Library/Java/Extensions:/Library/Java/Extensions:/Network/Library/Java/Extensions:/System/Library/Java/Extensions:/usr/lib/java:."/>
    <property name="java.vendor" value="Oracle Corporation"/>
    <property name="java.vm.info" value="mixed mode"/>
    <property name="java.vm.version" value="11.0.11+9-LTS-194"/>
    <property name="sun.io.unicode.encoding" value="UnicodeBig"/>
    <property name="java.class.version" value="55.0"/>
    <property name="socksNonProxyHosts" value="local|*.local|169.254/16|*.169.254/16"/>
  </properties>
  <testcase name="getRestaurantWithThreeOrMoreMenuItems" classname="com.hologramsciences.SQLRestaurantServiceTest" time="0.024"/>
  <testcase name="getAllRestaurantsIsNotEmpty" classname="com.hologramsciences.SQLRestaurantServiceTest" time="0.005"/>
  <testcase name="getOpenLate" classname="com.hologramsciences.SQLRestaurantServiceTest" time="0.007"/>
  <testcase name="getOpenReallyLate" classname="com.hologramsciences.SQLRestaurantServiceTest" time="0.005"/>
</testsuite>